<?xml version="1.0" encoding="UTF-8"?>
<!-- Generated by org.testng.reporters.JUnitReportReporter -->
<testsuite hostname="LAPTOP-CU6HFHV5" failures="0" tests="1" name="testng.Guru" time="0.436" errors="0" timestamp="2024-11-12T19:18:54 IST" skipped="0">
  <testcase classname="testng.Guru" name="gurumethod" time="0.436"/>
  <system-out/>
</testsuite> <!-- testng.Guru -->
