<?xml version="1.0" encoding="UTF-8"?>
<!-- Generated by org.testng.reporters.JUnitReportReporter -->
<testsuite hostname="LAPTOP-CU6HFHV5" failures="0" tests="1" name="testng.Mouseover" time="3.503" errors="0" timestamp="2024-11-14T12:25:17 IST" skipped="0">
  <testcase classname="testng.Mouseover" name="set" time="3.503"/>
  <system-out/>
</testsuite> <!-- testng.Mouseover -->
