<?xml version="1.0" encoding="UTF-8"?>
<!-- Generated by org.testng.reporters.JUnitReportReporter -->
<testsuite hostname="LAPTOP-CU6HFHV5" failures="0" tests="1" name="testng.Copypaste" time="0.532" errors="0" timestamp="2024-11-12T13:06:38 IST" skipped="0">
  <testcase classname="testng.Copypaste" name="events" time="0.532"/>
  <system-out/>
</testsuite> <!-- testng.Copypaste -->
