<?xml version="1.0" encoding="UTF-8"?>
<!-- Generated by org.testng.reporters.JUnitReportReporter -->
<testsuite hostname="LAPTOP-CU6HFHV5" failures="0" tests="1" name="testng.Datepickprgrm" time="0.577" errors="0" timestamp="2024-11-14T17:59:17 IST" skipped="0">
  <testcase classname="testng.Datepickprgrm" name="set" time="0.577"/>
  <system-out/>
</testsuite> <!-- testng.Datepickprgrm -->
