<?xml version="1.0" encoding="UTF-8"?>
<!-- Generated by org.testng.reporters.JUnitReportReporter -->
<testsuite hostname="LAPTOP-CU6HFHV5" failures="0" tests="1" name="testng.Google" time="0.249" errors="0" timestamp="2024-11-12T12:44:49 IST" skipped="0">
  <testcase classname="testng.Google" name="sety" time="0.249"/>
  <system-out/>
</testsuite> <!-- testng.Google -->
