<?xml version="1.0" encoding="UTF-8"?>
<!-- Generated by org.testng.reporters.JUnitReportReporter -->
<testsuite hostname="LAPTOP-CU6HFHV5" failures="0" tests="1" name="testng.Datadrive" time="23.244" errors="0" timestamp="2024-11-19T13:25:43 IST" skipped="0">
  <testcase classname="testng.Datadrive" name="count" time="23.244"/>
  <system-out/>
</testsuite> <!-- testng.Datadrive -->
