<?xml version="1.0" encoding="UTF-8"?>
<!-- Generated by org.testng.reporters.JUnitReportReporter -->
<testsuite hostname="LAPTOP-CU6HFHV5" failures="0" tests="2" name="testng.Extentprgrm" time="5.088" errors="0" timestamp="2024-11-20T11:40:30 IST" skipped="0">
  <testcase classname="testng.Extentprgrm" name="title" time="4.095"/>
  <system-out/>
  <testcase classname="testng.Extentprgrm" name="del" time="0.993"/>
  <system-out/>
</testsuite> <!-- testng.Extentprgrm -->
