<?xml version="1.0" encoding="UTF-8"?>
<!-- Generated by org.testng.reporters.JUnitReportReporter -->
<testsuite hostname="LAPTOP-CU6HFHV5" failures="0" tests="1" name="testng.Parameterization" time="0.009" errors="0" timestamp="2024-11-12T12:15:31 IST" skipped="0">
  <testcase classname="testng.Parameterization" name="method" time="0.009"/>
  <system-out/>
</testsuite> <!-- testng.Parameterization -->
