<?xml version="1.0" encoding="UTF-8"?>
<!-- Generated by org.testng.reporters.JUnitReportReporter -->
<testsuite hostname="LAPTOP-CU6HFHV5" failures="0" tests="3" name="testng.Crossbar" time="6.479" errors="0" timestamp="2024-11-13T13:27:24 IST" skipped="0">
  <testcase classname="testng.Crossbar" name="cross" time="2.157"/>
  <system-out/>
  <testcase classname="testng.Crossbar" name="cross" time="2.323"/>
  <system-out/>
  <testcase classname="testng.Crossbar" name="cross" time="1.999"/>
  <system-out/>
</testsuite> <!-- testng.Crossbar -->
