<?xml version="1.0" encoding="UTF-8"?>
<!-- Generated by org.testng.reporters.JUnitReportReporter -->
<testsuite hostname="LAPTOP-CU6HFHV5" failures="0" tests="2" name="testng.Testngpgrm" time="0.010" errors="0" timestamp="2024-11-12T11:58:16 IST" skipped="0">
  <testcase classname="testng.Testngpgrm" name="testdetails" time="0.008"/>
  <system-out/>
  <testcase classname="testng.Testngpgrm" name="testdetails2" time="0.002"/>
  <system-out/>
</testsuite> <!-- testng.Testngpgrm -->
