<?xml version="1.0" encoding="UTF-8"?>
<!-- Generated by org.testng.reporters.JUnitReportReporter -->
<testsuite hostname="LAPTOP-CU6HFHV5" failures="0" tests="1" name="testng.Multiplewindow" time="1.433" errors="0" timestamp="2024-11-26T18:23:06 IST" skipped="0">
  <testcase classname="testng.Multiplewindow" name="setup" time="1.433"/>
  <system-out/>
</testsuite> <!-- testng.Multiplewindow -->
