<?xml version="1.0" encoding="UTF-8"?>
<!-- Generated by org.testng.reporters.JUnitReportReporter -->
<testsuite hostname="LAPTOP-CU6HFHV5" failures="0" tests="1" name="testng.Mouseevents" time="0.651" errors="0" timestamp="2024-11-13T12:02:19 IST" skipped="0">
  <testcase classname="testng.Mouseevents" name="set" time="0.651"/>
  <system-out/>
</testsuite> <!-- testng.Mouseevents -->
