<?xml version="1.0" encoding="UTF-8"?>
<!-- Generated by org.testng.reporters.JUnitReportReporter -->
<testsuite hostname="LAPTOP-CU6HFHV5" failures="0" tests="1" name="testng.File" time="8.977" errors="0" timestamp="2024-11-17T11:38:36 IST" skipped="0">
  <testcase classname="testng.File" name="setup" time="8.977"/>
  <system-out/>
</testsuite> <!-- testng.File -->
