<?xml version="1.0" encoding="UTF-8"?>
<!-- Generated by org.testng.reporters.JUnitReportReporter -->
<testsuite hostname="LAPTOP-CU6HFHV5" failures="0" tests="1" name="testng.Assertpgm" time="1.750" errors="0" timestamp="2024-11-20T17:38:47 IST" skipped="0">
  <testcase classname="testng.Assertpgm" name="setup" time="1.750"/>
  <system-out/>
</testsuite> <!-- testng.Assertpgm -->
